TN:
SF:contracts/AlbumFactory.sol
FN:15,AlbumFactory.onlyArtist
FNDA:2,AlbumFactory.onlyArtist
DA:16,2
BRDA:16,0,0,2
BRDA:16,0,1,1
FN:19,AlbumFactory.onlyStaff
FNDA:0,AlbumFactory.onlyStaff
DA:20,0
BRDA:20,1,0,-
BRDA:20,1,1,-
FN:24,AlbumFactory.initialize
FNDA:2,AlbumFactory.initialize
DA:25,2
DA:26,2
FN:29,AlbumFactory.createAlbum
FNDA:2,AlbumFactory.createAlbum
DA:30,1
DA:31,1
DA:32,1
DA:33,1
FN:36,AlbumFactory._authorizeUpgrade
FNDA:0,AlbumFactory._authorizeUpgrade
FNF:5
FNH:3
LF:8
LH:7
BRF:4
BRH:2
end_of_record
TN:
SF:contracts/SoundNFT.sol
FN:16,SoundNFT.onlyArtist
FNDA:1,SoundNFT.onlyArtist
DA:17,1
BRDA:17,0,0,1
BRDA:17,0,1,1
FN:20,SoundNFT.onlyStaff
FNDA:0,SoundNFT.onlyStaff
DA:21,0
BRDA:21,1,0,-
BRDA:21,1,1,-
FN:25,SoundNFT.initialize
FNDA:3,SoundNFT.initialize
DA:28,3
DA:29,3
DA:30,3
DA:31,3
DA:33,3
FN:37,SoundNFT.safeMint
FNDA:1,SoundNFT.safeMint
DA:38,1
DA:39,1
DA:40,1
FN:44,SoundNFT._authorizeUpgrade
FNDA:0,SoundNFT._authorizeUpgrade
FN:52,SoundNFT.tokenURI
FNDA:1,SoundNFT.tokenURI
DA:58,1
FN:65,SoundNFT.supportsInterface
FNDA:0,SoundNFT.supportsInterface
DA:72,0
FNF:7
FNH:4
LF:12
LH:10
BRF:4
BRH:2
end_of_record
TN:
SF:contracts/SoundToken.sol
FN:14,SoundToken.onlyArtist
FNDA:3,SoundToken.onlyArtist
DA:15,3
BRDA:15,0,0,3
BRDA:15,0,1,2
FN:18,SoundToken.onlyStaff
FNDA:1,SoundToken.onlyStaff
DA:19,1
BRDA:19,1,0,-
BRDA:19,1,1,-
FN:23,SoundToken.initialize
FNDA:5,SoundToken.initialize
DA:26,5
DA:27,5
DA:28,5
DA:29,5
FN:33,SoundToken.mint
FNDA:3,SoundToken.mint
DA:34,2
FN:37,SoundToken.burn
FNDA:1,SoundToken.burn
DA:38,1
FN:41,SoundToken._authorizeUpgrade
FNDA:0,SoundToken._authorizeUpgrade
FNF:6
FNH:5
LF:8
LH:8
BRF:4
BRH:2
end_of_record
TN:
SF:contracts/Staff.sol
FN:13,Staff.onlyArtist
FNDA:0,Staff.onlyArtist
DA:14,0
BRDA:14,0,0,-
BRDA:14,0,1,-
FN:18,Staff.onlyStaff
FNDA:0,Staff.onlyStaff
DA:19,0
BRDA:19,1,0,-
BRDA:19,1,1,-
FN:23,Staff.initialize
FNDA:12,Staff.initialize
DA:26,12
DA:27,12
DA:29,12
DA:30,12
DA:31,12
FN:35,Staff.addStaff
FNDA:11,Staff.addStaff
DA:36,11
FN:39,Staff.removeStaff
FNDA:1,Staff.removeStaff
DA:40,1
FN:43,Staff.isStaff
FNDA:9,Staff.isStaff
DA:44,9
FN:49,Staff._addStaff
FNDA:11,Staff._addStaff
DA:50,11
FN:53,Staff._removeStaff
FNDA:1,Staff._removeStaff
DA:54,1
FN:57,Staff._authorizeUpgrade
FNDA:0,Staff._authorizeUpgrade
FNF:9
FNH:6
LF:12
LH:10
BRF:4
BRH:0
end_of_record
